<?xml version="1.0" encoding="UTF-8"?>
<!-- Generated by org.testng.reporters.JUnitReportReporter -->
<testsuite hostname="DESKTOP-RE3DM9I" failures="0" tests="1" name="testcasesHANA.DashBoardTabTest" time="85.040" errors="0" timestamp="2020-10-29T12:55:56 IST" skipped="0">
  <testcase classname="testcasesHANA.DashBoardTabTest" name="verifyAccountsinProfileSection" time="85.040"/>
  <system-out/>
</testsuite> <!-- testcasesHANA.DashBoardTabTest -->
