<?xml version="1.0" encoding="UTF-8"?>
<!-- Generated by org.testng.reporters.JUnitReportReporter -->
<testsuite hostname="DESKTOP-RE3DM9I" failures="0" tests="1" name="testcasesHANA.OneClickCheckIn" time="219.906" errors="0" timestamp="2020-11-04T11:51:01 IST" skipped="0">
  <testcase classname="testcasesHANA.OneClickCheckIn" name="CreateCheckIn" time="219.906"/>
  <system-out/>
</testsuite> <!-- testcasesHANA.OneClickCheckIn -->
