<?xml version="1.0" encoding="UTF-8"?>
<!-- Generated by org.testng.reporters.JUnitReportReporter -->
<testsuite hostname="DESKTOP-RE3DM9I" failures="0" tests="1" name="testcasesHANA.AccountTabTest" time="0.000" errors="0" timestamp="2020-10-28T17:12:58 IST" skipped="1">
  <testcase classname="testcasesHANA.AccountTabTest" name="Create_NewAccountConnectrix" time="0.000">
    <skipped/>
  </testcase> <!-- Create_NewAccountConnectrix -->
  <system-out/>
</testsuite> <!-- testcasesHANA.AccountTabTest -->
